<?xml version="1.0" encoding="UTF-8"?>
<!-- Generated by org.testng.reporters.JUnitReportReporter -->
<testsuite hostname="shantanu-pc" name="com.zimplistic.rotimatic.login.LoginTest" tests="1" failures="0" timestamp="22 Jan 2018 10:42:58 GMT" time="34.857" errors="0">
  <testcase name="testLogin" time="34.857" classname="com.zimplistic.rotimatic.login.LoginTest"/>
</testsuite> <!-- com.zimplistic.rotimatic.login.LoginTest -->
