<?xml version="1.0" encoding="UTF-8"?>
<!-- Generated by org.testng.reporters.JUnitReportReporter -->
<testsuite hostname="shantanu-pc" name="com.zimplistic.rotimatic.chat.ChatTab" tests="1" failures="0" timestamp="17 Jan 2018 12:59:23 GMT" time="35.410" errors="1">
  <testcase name="chatScreen" time="35.410" classname="com.zimplistic.rotimatic.chat.ChatTab">
    <error type="org.openqa.selenium.InvalidSelectorException" message="Locator Strategy &#039;name&#039; is not supported for this session (WARNING: The server did not provide any stacktrace information)
Command duration or timeout: 12 milliseconds
For documentation on this error, please visit: http://seleniumhq.org/exceptions/invalid_selector_exception.html
Build info: version: &#039;2.53.0&#039;, revision: &#039;35ae25b&#039;, time: &#039;2016-03-15 17:00:58&#039;
System info: host: &#039;shantanu-pc&#039;, ip: &#039;169.254.224.138&#039;, os.name: &#039;Windows 7&#039;, os.arch: &#039;amd64&#039;, os.version: &#039;6.1&#039;, java.version: &#039;1.8.0_151&#039;
Driver info: io.appium.java_client.android.AndroidDriver
Capabilities [{appPackage=com.zimplistic.rotimaticmobile, deviceScreenSize=1440x2560, networkConnectionEnabled=true, warnings={}, databaseEnabled=false, deviceName=c0c05fa8, version=7.1.1, platform=ANDROID, deviceUDID=c0c05fa8, appActivity=com.zimplistic.rotimaticmobile.activity.SplashActivity, desired={appPackage=com.zimplistic.rotimaticmobile, appActivity=com.zimplistic.rotimaticmobile.activity.SplashActivity, unicodeKeyboard=false, platformName=Android, deviceName=c0c05fa8, version=7.1.1, platform=ANDROID}, platformVersion=7.1.1, webStorageEnabled=false, locationContextEnabled=false, takesScreenshot=true, javascriptEnabled=true, deviceModel=Nexus 6, unicodeKeyboard=false, platformName=Android, deviceManufacturer=motorola}]
Session ID: a0ff9296-0bc8-499d-b7a9-d604e24026d3
*** Element info: {Using=name, value=Sign In}">
      <![CDATA[org.openqa.selenium.InvalidSelectorException: Locator Strategy 'name' is not supported for this session (WARNING: The server did not provide any stacktrace information)
Command duration or timeout: 12 milliseconds
For documentation on this error, please visit: http://seleniumhq.org/exceptions/invalid_selector_exception.html
Build info: version: '2.53.0', revision: '35ae25b', time: '2016-03-15 17:00:58'
System info: host: 'shantanu-pc', ip: '169.254.224.138', os.name: 'Windows 7', os.arch: 'amd64', os.version: '6.1', java.version: '1.8.0_151'
Driver info: io.appium.java_client.android.AndroidDriver
Capabilities [{appPackage=com.zimplistic.rotimaticmobile, deviceScreenSize=1440x2560, networkConnectionEnabled=true, warnings={}, databaseEnabled=false, deviceName=c0c05fa8, version=7.1.1, platform=ANDROID, deviceUDID=c0c05fa8, appActivity=com.zimplistic.rotimaticmobile.activity.SplashActivity, desired={appPackage=com.zimplistic.rotimaticmobile, appActivity=com.zimplistic.rotimaticmobile.activity.SplashActivity, unicodeKeyboard=false, platformName=Android, deviceName=c0c05fa8, version=7.1.1, platform=ANDROID}, platformVersion=7.1.1, webStorageEnabled=false, locationContextEnabled=false, takesScreenshot=true, javascriptEnabled=true, deviceModel=Nexus 6, unicodeKeyboard=false, platformName=Android, deviceManufacturer=motorola}]
Session ID: a0ff9296-0bc8-499d-b7a9-d604e24026d3
*** Element info: {Using=name, value=Sign In}
	at sun.reflect.NativeConstructorAccessorImpl.newInstance0(Native Method)
	at sun.reflect.NativeConstructorAccessorImpl.newInstance(Unknown Source)
	at sun.reflect.DelegatingConstructorAccessorImpl.newInstance(Unknown Source)
	at java.lang.reflect.Constructor.newInstance(Unknown Source)
	at org.openqa.selenium.remote.ErrorHandler.createThrowable(ErrorHandler.java:206)
	at org.openqa.selenium.remote.ErrorHandler.throwIfResponseFailed(ErrorHandler.java:158)
	at org.openqa.selenium.remote.RemoteWebDriver.execute(RemoteWebDriver.java:678)
	at io.appium.java_client.AppiumDriver.execute(AppiumDriver.java:180)
	at org.openqa.selenium.remote.RemoteWebDriver.findElement(RemoteWebDriver.java:363)
	at org.openqa.selenium.remote.RemoteWebDriver.findElementByName(RemoteWebDriver.java:461)
	at com.zimplistic.rotimatic.setup.BaseSetup.signIn(BaseSetup.java:62)
	at com.zimplistic.rotimatic.chat.ChatTab.chatScreen(ChatTab.java:13)
	at sun.reflect.NativeMethodAccessorImpl.invoke0(Native Method)
	at sun.reflect.NativeMethodAccessorImpl.invoke(Unknown Source)
	at sun.reflect.DelegatingMethodAccessorImpl.invoke(Unknown Source)
	at java.lang.reflect.Method.invoke(Unknown Source)
	at org.testng.internal.MethodInvocationHelper.invokeMethod(MethodInvocationHelper.java:86)
	at org.testng.internal.Invoker.invokeMethod(Invoker.java:646)
	at org.testng.internal.Invoker.invokeTestMethod(Invoker.java:823)
	at org.testng.internal.Invoker.invokeTestMethods(Invoker.java:1131)
	at org.testng.internal.TestMethodWorker.invokeTestMethods(TestMethodWorker.java:129)
	at org.testng.internal.TestMethodWorker.run(TestMethodWorker.java:112)
	at org.testng.TestRunner.privateRun(TestRunner.java:778)
	at org.testng.TestRunner.run(TestRunner.java:632)
	at org.testng.SuiteRunner.runTest(SuiteRunner.java:366)
	at org.testng.SuiteRunner.runSequentially(SuiteRunner.java:361)
	at org.testng.SuiteRunner.privateRun(SuiteRunner.java:319)
	at org.testng.SuiteRunner.run(SuiteRunner.java:268)
	at org.testng.SuiteRunnerWorker.runSuite(SuiteRunnerWorker.java:52)
	at org.testng.SuiteRunnerWorker.run(SuiteRunnerWorker.java:86)
	at org.testng.TestNG.runSuitesSequentially(TestNG.java:1225)
	at org.testng.TestNG.runSuitesLocally(TestNG.java:1150)
	at org.testng.TestNG.runSuites(TestNG.java:1075)
	at org.testng.TestNG.run(TestNG.java:1047)
	at org.testng.remote.AbstractRemoteTestNG.run(AbstractRemoteTestNG.java:126)
	at org.testng.remote.RemoteTestNG.initAndRun(RemoteTestNG.java:137)
	at org.testng.remote.RemoteTestNG.main(RemoteTestNG.java:58)
]]>
    </error>
  </testcase> <!-- chatScreen -->
</testsuite> <!-- com.zimplistic.rotimatic.chat.ChatTab -->
