<?xml version="1.0" encoding="UTF-8"?>
<!-- Generated by org.testng.reporters.JUnitReportReporter -->
<testsuite skipped="0" hostname="shantanu-pc" name="com.zimplistic.rotimatic.testcases.samplePCloudyTest" tests="1" failures="0" timestamp="26 Jun 2018 13:03:22 GMT" time="115.326" errors="0">
  <testcase name="testLogin" time="115.326" classname="com.zimplistic.rotimatic.testcases.samplePCloudyTest"/>
</testsuite> <!-- com.zimplistic.rotimatic.testcases.samplePCloudyTest -->
