<?xml version="1.0" encoding="UTF-8"?>
<!-- Generated by org.testng.reporters.JUnitReportReporter -->
<testsuite skipped="0" hostname="shantanu-pc" name="com.zimplistic.rotimatic.testcases.RemoteControlWidget" tests="4" failures="0" timestamp="04 Jul 2018 07:20:58 GMT" time="343.480" errors="0">
  <testcase name="setup" time="19.554" classname="com.zimplistic.rotimatic.testcases.RemoteControlWidget"/>
  <testcase name="testLogin" time="46.144" classname="com.zimplistic.rotimatic.testcases.RemoteControlWidget"/>
  <testcase name="settingsScreen" time="49.972" classname="com.zimplistic.rotimatic.testcases.RemoteControlWidget"/>
  <testcase name="testRemoteControlState" time="227.810" classname="com.zimplistic.rotimatic.testcases.RemoteControlWidget"/>
</testsuite> <!-- com.zimplistic.rotimatic.testcases.RemoteControlWidget -->
