<?xml version="1.0" encoding="UTF-8"?>
<!-- Generated by org.testng.reporters.JUnitReportReporter -->
<testsuite skipped="1" hostname="shantanu-pc" name="com.zimplistic.rotimatic.testcases.SamplePCloudyTestAndroid" tests="2" failures="0" timestamp="28 Jun 2018 06:42:58 GMT" time="1.282" errors="1">
  <testcase name="runExecutionOnPCloudy" time="1.282" classname="com.zimplistic.rotimatic.testcases.SamplePCloudyTestAndroid">
    <error type="com.ssts.pcloudy.exception.ConnectError" message="Not enough balance">
      <![CDATA[com.ssts.pcloudy.exception.ConnectError: Not enough balance
at com.ssts.pcloudy.appium.AppiumApi.bookDevicesForAppium(AppiumApi.java:69)
at com.zimplistic.rotimatic.testcases.SamplePCloudyTestAndroid.runExecutionOnPCloudy(SamplePCloudyTestAndroid.java:68)
at sun.reflect.NativeMethodAccessorImpl.invoke0(Native Method)
at sun.reflect.NativeMethodAccessorImpl.invoke(Unknown Source)
at sun.reflect.DelegatingMethodAccessorImpl.invoke(Unknown Source)
at java.lang.reflect.Method.invoke(Unknown Source)
at org.testng.internal.MethodInvocationHelper.invokeMethod(MethodInvocationHelper.java:124)
at org.testng.internal.MethodInvocationHelper.invokeMethodConsideringTimeout(MethodInvocationHelper.java:59)
at org.testng.internal.Invoker.invokeConfigurationMethod(Invoker.java:455)
at org.testng.internal.Invoker.invokeConfigurations(Invoker.java:222)
at org.testng.internal.Invoker.invokeConfigurations(Invoker.java:142)
at org.testng.TestRunner.beforeRun(TestRunner.java:529)
at org.testng.TestRunner.run(TestRunner.java:497)
at org.testng.SuiteRunner.runTest(SuiteRunner.java:455)
at org.testng.SuiteRunner.runSequentially(SuiteRunner.java:450)
at org.testng.SuiteRunner.privateRun(SuiteRunner.java:415)
at org.testng.SuiteRunner.run(SuiteRunner.java:364)
at org.testng.SuiteRunnerWorker.runSuite(SuiteRunnerWorker.java:52)
at org.testng.SuiteRunnerWorker.run(SuiteRunnerWorker.java:84)
at org.testng.TestNG.runSuitesSequentially(TestNG.java:1208)
at org.testng.TestNG.runSuitesLocally(TestNG.java:1137)
at org.testng.TestNG.runSuites(TestNG.java:1049)
at org.testng.TestNG.run(TestNG.java:1017)
at org.testng.remote.AbstractRemoteTestNG.run(AbstractRemoteTestNG.java:114)
at org.testng.remote.RemoteTestNG.initAndRun(RemoteTestNG.java:251)
at org.testng.remote.RemoteTestNG.main(RemoteTestNG.java:77)
]]>
    </error>
  </testcase> <!-- runExecutionOnPCloudy -->
  <testcase name="testLogin" time="0.000" classname="com.zimplistic.rotimatic.testcases.SamplePCloudyTestAndroid">
    <skipped/>
  </testcase> <!-- testLogin -->
</testsuite> <!-- com.zimplistic.rotimatic.testcases.SamplePCloudyTestAndroid -->
