<?xml version="1.0" encoding="UTF-8"?>
<!-- Generated by org.testng.reporters.JUnitReportReporter -->
<testsuite skipped="0" hostname="shantanu-pc" name="com.zimplistic.rotimatic.testcases.parallelPOC" tests="3" failures="0" timestamp="18 Jun 2018 11:34:49 GMT" time="65.394" errors="0">
  <testcase name="loginCheck" time="29.247" classname="com.zimplistic.rotimatic.testcases.parallelPOC"/>
  <testcase name="testLogin" time="20.269" classname="com.zimplistic.rotimatic.testcases.parallelPOC"/>
  <testcase name="settingsScreen" time="15.878" classname="com.zimplistic.rotimatic.testcases.parallelPOC"/>
</testsuite> <!-- com.zimplistic.rotimatic.testcases.parallelPOC -->
