<?xml version="1.0" encoding="UTF-8"?>
<!-- Generated by org.testng.reporters.JUnitReportReporter -->
<testsuite hostname="shantanu-pc" name="com.zimplistic.rotimatic.login.ConfigureToRotimatic" tests="1" failures="0" timestamp="1 Feb 2017 10:03:11 GMT" time="144.613" errors="0">
  <testcase name="configureTest" time="144.613" classname="com.zimplistic.rotimatic.login.ConfigureToRotimatic"/>
</testsuite> <!-- com.zimplistic.rotimatic.login.ConfigureToRotimatic -->
