<?xml version="1.0" encoding="UTF-8"?>
<!-- Generated by org.testng.reporters.JUnitReportReporter -->
<testsuite skipped="0" hostname="shantanu-pc" name="com.zimplistic.rotimatic.testcases.parallelPOC" tests="3" failures="0" timestamp="19 Jun 2018 11:38:25 GMT" time="57.230" errors="0">
  <testcase name="loginCheck" time="28.388" classname="com.zimplistic.rotimatic.testcases.parallelPOC"/>
  <testcase name="testLogin" time="18.020" classname="com.zimplistic.rotimatic.testcases.parallelPOC"/>
  <testcase name="settingsScreen" time="10.822" classname="com.zimplistic.rotimatic.testcases.parallelPOC"/>
</testsuite> <!-- com.zimplistic.rotimatic.testcases.parallelPOC -->
